# JRE version: OpenJDK Runtime Environment Microsoft-8902769 (17.0.10+7) (build 17.0.10+7-LTS)
# Java VM: OpenJDK 64-Bit Server VM Microsoft-8902769 (17.0.10+7-LTS, mixed mode, sharing, tiered, compressed oops, compressed class ptrs, g1 gc, windows-amd64)
GC Precious Log:
 CPUs: 8 total, 8 available
 Memory: 8107M
 Large Page Support: Disabled
 NUMA Support: Disabled
 Compressed Oops: Enabled (32-bit)
 Heap Region Size: 1M
 Heap Min Capacity: 8M
 Heap Initial Capacity: 128M
 Heap Max Capacity: 2G
 Pre-touch: Disabled
 Parallel Workers: 8
 Concurrent Workers: 2
 Concurrent Refinement Workers: 8
 Periodic GC: Disabled
Heap:
 garbage-first heap   total 236544K, used 145173K [0x0000000080000000, 0x0000000100000000)
  region size 1024K, 55 young (56320K), 4 survivors (4096K)
 Metaspace       used 85101K, committed 85952K, reserved 557056K
  class space    used 11823K, committed 12224K, reserved 425984K
GC Heap History (20 events):
Event: 123.212 GC heap before
{Heap before GC invocations=37 (full 0):
 garbage-first heap   total 128000K, used 104671K [0x0000000080000000, 0x0000000100000000)
  region size 1024K, 23 young (23552K), 1 survivors (1024K)
 Metaspace       used 74412K, committed 75200K, reserved 491520K
  class space    used 10363K, committed 10752K, reserved 425984K
}
Event: 123.225 GC heap after
{Heap after GC invocations=38 (full 0):
 garbage-first heap   total 128000K, used 83528K [0x0000000080000000, 0x0000000100000000)
  region size 1024K, 1 young (1024K), 1 survivors (1024K)
 Metaspace       used 74412K, committed 75200K, reserved 491520K
  class space    used 10363K, committed 10752K, reserved 425984K
}
Event: 128.475 GC heap before
{Heap before GC invocations=39 (full 0):
 garbage-first heap   total 147456K, used 107080K [0x0000000080000000, 0x0000000100000000)
  region size 1024K, 24 young (24576K), 1 survivors (1024K)
 Metaspace       used 76079K, committed 76864K, reserved 557056K
  class space    used 10581K, committed 10944K, reserved 425984K
}
Event: 128.495 GC heap after
{Heap after GC invocations=40 (full 0):
 garbage-first heap   total 147456K, used 87245K [0x0000000080000000, 0x0000000100000000)
  region size 1024K, 3 young (3072K), 3 survivors (3072K)
 Metaspace       used 76079K, committed 76864K, reserved 557056K
  class space    used 10581K, committed 10944K, reserved 425984K
}
Event: 128.700 GC heap before
{Heap before GC invocations=40 (full 0):
 garbage-first heap   total 147456K, used 94413K [0x0000000080000000, 0x0000000100000000)
  region size 1024K, 7 young (7168K), 3 survivors (3072K)
 Metaspace       used 76079K, committed 76864K, reserved 557056K
  class space    used 10581K, committed 10944K, reserved 425984K
}
Event: 128.727 GC heap after
{Heap after GC invocations=41 (full 0):
 garbage-first heap   total 147456K, used 90994K [0x0000000080000000, 0x0000000100000000)
  region size 1024K, 1 young (1024K), 1 survivors (1024K)
 Metaspace       used 76079K, committed 76864K, reserved 557056K
  class space    used 10581K, committed 10944K, reserved 425984K
}
Event: 128.931 GC heap before
{Heap before GC invocations=41 (full 0):
 garbage-first heap   total 147456K, used 93042K [0x0000000080000000, 0x0000000100000000)
  region size 1024K, 4 young (4096K), 1 survivors (1024K)
 Metaspace       used 76093K, committed 76864K, reserved 557056K
  class space    used 10581K, committed 10944K, reserved 425984K
}
Event: 128.947 GC heap after
{Heap after GC invocations=42 (full 0):
 garbage-first heap   total 147456K, used 92672K [0x0000000080000000, 0x0000000100000000)
  region size 1024K, 3 young (3072K), 3 survivors (3072K)
 Metaspace       used 76093K, committed 76864K, reserved 557056K
  class space    used 10581K, committed 10944K, reserved 425984K
}
Event: 133.508 GC heap before
{Heap before GC invocations=43 (full 0):
 garbage-first heap   total 163840K, used 115200K [0x0000000080000000, 0x0000000100000000)
  region size 1024K, 23 young (23552K), 3 survivors (3072K)
 Metaspace       used 77330K, committed 78144K, reserved 557056K
  class space    used 10748K, committed 11136K, reserved 425984K
}
Event: 133.521 GC heap after
{Heap after GC invocations=44 (full 0):
 garbage-first heap   total 163840K, used 93296K [0x0000000080000000, 0x0000000100000000)
  region size 1024K, 2 young (2048K), 2 survivors (2048K)
 Metaspace       used 77330K, committed 78144K, reserved 557056K
  class space    used 10748K, committed 11136K, reserved 425984K
}
Event: 134.361 GC heap before
{Heap before GC invocations=44 (full 0):
 garbage-first heap   total 163840K, used 98416K [0x0000000080000000, 0x0000000100000000)
  region size 1024K, 8 young (8192K), 2 survivors (2048K)
 Metaspace       used 77676K, committed 78528K, reserved 557056K
  class space    used 10799K, committed 11200K, reserved 425984K
}
Event: 134.377 GC heap after
{Heap after GC invocations=45 (full 0):
 garbage-first heap   total 163840K, used 93394K [0x0000000080000000, 0x0000000100000000)
  region size 1024K, 1 young (1024K), 1 survivors (1024K)
 Metaspace       used 77676K, committed 78528K, reserved 557056K
  class space    used 10799K, committed 11200K, reserved 425984K
}
Event: 140.885 GC heap before
{Heap before GC invocations=45 (full 0):
 garbage-first heap   total 163840K, used 124114K [0x0000000080000000, 0x0000000100000000)
  region size 1024K, 31 young (31744K), 1 survivors (1024K)
 Metaspace       used 79787K, committed 80576K, reserved 557056K
  class space    used 11055K, committed 11456K, reserved 425984K
}
Event: 140.902 GC heap after
{Heap after GC invocations=46 (full 0):
 garbage-first heap   total 163840K, used 94526K [0x0000000080000000, 0x0000000100000000)
  region size 1024K, 2 young (2048K), 2 survivors (2048K)
 Metaspace       used 79787K, committed 80576K, reserved 557056K
  class space    used 11055K, committed 11456K, reserved 425984K
}
Event: 146.123 GC heap before
{Heap before GC invocations=47 (full 0):
 garbage-first heap   total 163840K, used 123198K [0x0000000080000000, 0x0000000100000000)
  region size 1024K, 34 young (34816K), 2 survivors (2048K)
 Metaspace       used 82053K, committed 82880K, reserved 557056K
  class space    used 11356K, committed 11776K, reserved 425984K
}
Event: 146.143 GC heap after
{Heap after GC invocations=48 (full 0):
 garbage-first heap   total 163840K, used 91626K [0x0000000080000000, 0x0000000100000000)
  region size 1024K, 3 young (3072K), 3 survivors (3072K)
 Metaspace       used 82053K, committed 82880K, reserved 557056K
  class space    used 11356K, committed 11776K, reserved 425984K
}
Event: 146.797 GC heap before
{Heap before GC invocations=48 (full 0):
 garbage-first heap   total 163840K, used 96746K [0x0000000080000000, 0x0000000100000000)
  region size 1024K, 8 young (8192K), 3 survivors (3072K)
 Metaspace       used 82257K, committed 83072K, reserved 557056K
  class space    used 11405K, committed 11840K, reserved 425984K
}
Event: 146.817 GC heap after
{Heap after GC invocations=49 (full 0):
 garbage-first heap   total 163840K, used 91472K [0x0000000080000000, 0x0000000100000000)
  region size 1024K, 1 young (1024K), 1 survivors (1024K)
 Metaspace       used 82257K, committed 83072K, reserved 557056K
  class space    used 11405K, committed 11840K, reserved 425984K
}
Event: 190.929 GC heap before
{Heap before GC invocations=49 (full 0):
 garbage-first heap   total 163840K, used 129360K [0x0000000080000000, 0x0000000100000000)
  region size 1024K, 38 young (38912K), 1 survivors (1024K)
 Metaspace       used 82461K, committed 83264K, reserved 557056K
  class space    used 11429K, committed 11840K, reserved 425984K
}
Event: 190.955 GC heap after
{Heap after GC invocations=50 (full 0):
 garbage-first heap   total 236544K, used 93973K [0x0000000080000000, 0x0000000100000000)
  region size 1024K, 4 young (4096K), 4 survivors (4096K)
 Metaspace       used 82461K, committed 83264K, reserved 557056K
  class space    used 11429K, committed 11840K, reserved 425984K
}

